[ 2017-12-16T16:59:09+08:00 ] 222.27.167.123 /index.php/Public/pc/css/app.6c371b47.css
INFO: [ app_init ] --START--
INFO: Run Behavior\BuildLiteBehavior [ RunTime:0.000005s ]
INFO: [ app_init ] --END-- [ RunTime:0.000047s ]
ERR: 无法加载模块:Public

[ 2017-12-16T16:59:09+08:00 ] 222.27.167.123 /index.php/Public/pc/js/common.1d167b155226f779a354.js
INFO: [ app_init ] --START--
INFO: Run Behavior\BuildLiteBehavior [ RunTime:0.000005s ]
INFO: [ app_init ] --END-- [ RunTime:0.000028s ]
ERR: 无法加载模块:Public

[ 2017-12-16T16:59:09+08:00 ] 222.27.167.123 /index.php/Public/pc/js/app.f464febf.js
INFO: [ app_init ] --START--
INFO: Run Behavior\BuildLiteBehavior [ RunTime:0.000004s ]
INFO: [ app_init ] --END-- [ RunTime:0.000026s ]
ERR: 无法加载模块:Public

[ 2017-12-16T16:59:09+08:00 ] 222.27.167.123 /index.php/Public/pc/css/common.9efdd876.css
INFO: [ app_init ] --START--
INFO: Run Behavior\BuildLiteBehavior [ RunTime:0.000007s ]
INFO: [ app_init ] --END-- [ RunTime:0.000041s ]
ERR: 无法加载模块:Public

[ 2017-12-16T16:59:09+08:00 ] 222.27.167.123 /index.php/Public/pc/js/app.f464febf.js
INFO: [ app_init ] --START--
INFO: Run Behavior\BuildLiteBehavior [ RunTime:0.000007s ]
INFO: [ app_init ] --END-- [ RunTime:0.000046s ]
ERR: 无法加载模块:Public

[ 2017-12-16T16:59:29+08:00 ] 222.27.167.123 /index.php/Public/pc/js/common.1d167b155226f779a354.js
INFO: [ app_init ] --START--
INFO: Run Behavior\BuildLiteBehavior [ RunTime:0.000006s ]
INFO: [ app_init ] --END-- [ RunTime:0.000041s ]
ERR: 无法加载模块:Public

[ 2017-12-16T16:59:29+08:00 ] 222.27.167.123 /index.php/Public/pc/css/common.9efdd876.css
INFO: [ app_init ] --START--
INFO: Run Behavior\BuildLiteBehavior [ RunTime:0.000004s ]
INFO: [ app_init ] --END-- [ RunTime:0.000035s ]
ERR: 无法加载模块:Public

[ 2017-12-16T16:59:29+08:00 ] 222.27.167.123 /index.php/Public/pc/js/app.f464febf.js
INFO: [ app_init ] --START--
INFO: Run Behavior\BuildLiteBehavior [ RunTime:0.000004s ]
INFO: [ app_init ] --END-- [ RunTime:0.000025s ]
ERR: 无法加载模块:Public

[ 2017-12-16T16:59:29+08:00 ] 222.27.167.123 /index.php/Public/pc/css/app.6c371b47.css
INFO: [ app_init ] --START--
INFO: Run Behavior\BuildLiteBehavior [ RunTime:0.000006s ]
INFO: [ app_init ] --END-- [ RunTime:0.000148s ]
ERR: 无法加载模块:Public

[ 2017-12-16T16:59:29+08:00 ] 222.27.167.123 /index.php/Public/pc/js/app.f464febf.js
INFO: [ app_init ] --START--
INFO: Run Behavior\BuildLiteBehavior [ RunTime:0.000005s ]
INFO: [ app_init ] --END-- [ RunTime:0.000036s ]
ERR: 无法加载模块:Public

