[ 2017-12-14T04:47:59+08:00 ] 141.212.122.64 /index.php/PC/User/dis
INFO: [ app_init ] --START--
INFO: Run Behavior\BuildLiteBehavior [ RunTime:0.000006s ]
INFO: [ app_init ] --END-- [ RunTime:0.000040s ]
INFO: [ app_begin ] --START--
INFO: Run Behavior\ReadHtmlCacheBehavior [ RunTime:0.000015s ]
INFO: [ app_begin ] --END-- [ RunTime:0.000027s ]
INFO: [ view_parse ] --START--
INFO: [ template_filter ] --START--
INFO: Run Behavior\ContentReplaceBehavior [ RunTime:0.000013s ]
INFO: [ template_filter ] --END-- [ RunTime:0.000029s ]
INFO: Run Behavior\ParseTemplateBehavior [ RunTime:0.000558s ]
INFO: [ view_parse ] --END-- [ RunTime:0.000574s ]
INFO: [ view_filter ] --START--
INFO: Run Behavior\WriteHtmlCacheBehavior [ RunTime:0.000020s ]
INFO: [ view_filter ] --END-- [ RunTime:0.000028s ]
INFO: [ app_end ] --START--
INFO: Run Behavior\ShowPageTraceBehavior [ RunTime:0.000012s ]
INFO: [ app_end ] --END-- [ RunTime:0.000019s ]

[ 2017-12-14T09:29:22+08:00 ] 106.11.242.248 /index.php/PC/User/dis
INFO: [ app_init ] --START--
INFO: Run Behavior\BuildLiteBehavior [ RunTime:0.000004s ]
INFO: [ app_init ] --END-- [ RunTime:0.000034s ]
INFO: [ app_begin ] --START--
INFO: Run Behavior\ReadHtmlCacheBehavior [ RunTime:0.000016s ]
INFO: [ app_begin ] --END-- [ RunTime:0.000031s ]
INFO: [ view_parse ] --START--
INFO: [ template_filter ] --START--
INFO: Run Behavior\ContentReplaceBehavior [ RunTime:0.000017s ]
INFO: [ template_filter ] --END-- [ RunTime:0.000036s ]
INFO: Run Behavior\ParseTemplateBehavior [ RunTime:0.005063s ]
INFO: [ view_parse ] --END-- [ RunTime:0.005085s ]
INFO: [ view_filter ] --START--
INFO: Run Behavior\WriteHtmlCacheBehavior [ RunTime:0.000128s ]
INFO: [ view_filter ] --END-- [ RunTime:0.000143s ]
INFO: [ app_end ] --START--
INFO: Run Behavior\ShowPageTraceBehavior [ RunTime:0.000019s ]
INFO: [ app_end ] --END-- [ RunTime:0.000030s ]

[ 2017-12-14T10:37:04+08:00 ] 140.205.225.190 /index.php/PC/User/dis
INFO: [ app_init ] --START--
INFO: Run Behavior\BuildLiteBehavior [ RunTime:0.000006s ]
INFO: [ app_init ] --END-- [ RunTime:0.000043s ]
INFO: [ app_begin ] --START--
INFO: Run Behavior\ReadHtmlCacheBehavior [ RunTime:0.000016s ]
INFO: [ app_begin ] --END-- [ RunTime:0.000031s ]
INFO: [ view_parse ] --START--
INFO: [ template_filter ] --START--
INFO: Run Behavior\ContentReplaceBehavior [ RunTime:0.000016s ]
INFO: [ template_filter ] --END-- [ RunTime:0.000033s ]
INFO: Run Behavior\ParseTemplateBehavior [ RunTime:0.001450s ]
INFO: [ view_parse ] --END-- [ RunTime:0.001467s ]
INFO: [ view_filter ] --START--
INFO: Run Behavior\WriteHtmlCacheBehavior [ RunTime:0.000032s ]
INFO: [ view_filter ] --END-- [ RunTime:0.000041s ]
INFO: [ app_end ] --START--
INFO: Run Behavior\ShowPageTraceBehavior [ RunTime:0.000013s ]
INFO: [ app_end ] --END-- [ RunTime:0.000020s ]

[ 2017-12-14T10:53:16+08:00 ] 222.27.167.108 /index.php/PC/User/dis
INFO: [ app_init ] --START--
INFO: Run Behavior\BuildLiteBehavior [ RunTime:0.000006s ]
INFO: [ app_init ] --END-- [ RunTime:0.000043s ]
INFO: [ app_begin ] --START--
INFO: Run Behavior\ReadHtmlCacheBehavior [ RunTime:0.000019s ]
INFO: [ app_begin ] --END-- [ RunTime:0.000034s ]
INFO: [ view_parse ] --START--
INFO: [ template_filter ] --START--
INFO: Run Behavior\ContentReplaceBehavior [ RunTime:0.000016s ]
INFO: [ template_filter ] --END-- [ RunTime:0.000034s ]
INFO: Run Behavior\ParseTemplateBehavior [ RunTime:0.001414s ]
INFO: [ view_parse ] --END-- [ RunTime:0.001430s ]
INFO: [ view_filter ] --START--
INFO: Run Behavior\WriteHtmlCacheBehavior [ RunTime:0.000022s ]
INFO: [ view_filter ] --END-- [ RunTime:0.000030s ]
INFO: [ app_end ] --START--
INFO: Run Behavior\ShowPageTraceBehavior [ RunTime:0.000015s ]
INFO: [ app_end ] --END-- [ RunTime:0.000022s ]

[ 2017-12-14T10:53:17+08:00 ] 222.27.167.108 /index.php/PC/Confirm
INFO: [ app_init ] --START--
INFO: Run Behavior\BuildLiteBehavior [ RunTime:0.000006s ]
INFO: [ app_init ] --END-- [ RunTime:0.000039s ]
INFO: [ app_begin ] --START--
INFO: Run Behavior\ReadHtmlCacheBehavior [ RunTime:0.000013s ]
INFO: [ app_begin ] --END-- [ RunTime:0.000025s ]

[ 2017-12-14T10:53:17+08:00 ] 222.27.167.108 /index.php/PC/Confirm/refresh
INFO: [ app_init ] --START--
INFO: Run Behavior\BuildLiteBehavior [ RunTime:0.000006s ]
INFO: [ app_init ] --END-- [ RunTime:0.000038s ]
INFO: [ app_begin ] --START--
INFO: Run Behavior\ReadHtmlCacheBehavior [ RunTime:0.000015s ]
INFO: [ app_begin ] --END-- [ RunTime:0.000030s ]
SQL: SHOW COLUMNS FROM `task` [ RunTime:0.0005s ]
ERR: 1064:You have an error in your SQL syntax; check the manual that corresponds to your MySQL server version for the right syntax to use near '' at line 1
 [ SQL语句 ] : SELECT file_name name from task where upfile_gid = 
ERR: 1064:You have an error in your SQL syntax; check the manual that corresponds to your MySQL server version for the right syntax to use near '' at line 1
 [ SQL语句 ] : SELECT file_name name from task where upfile_gid = 

[ 2017-12-14T10:53:27+08:00 ] 222.27.167.108 /index.php/PC/User/dis
INFO: [ app_init ] --START--
INFO: Run Behavior\BuildLiteBehavior [ RunTime:0.000006s ]
INFO: [ app_init ] --END-- [ RunTime:0.000040s ]
INFO: [ app_begin ] --START--
INFO: Run Behavior\ReadHtmlCacheBehavior [ RunTime:0.000015s ]
INFO: [ app_begin ] --END-- [ RunTime:0.000040s ]
INFO: [ view_parse ] --START--
INFO: [ template_filter ] --START--
INFO: Run Behavior\ContentReplaceBehavior [ RunTime:0.000017s ]
INFO: [ template_filter ] --END-- [ RunTime:0.000035s ]
INFO: Run Behavior\ParseTemplateBehavior [ RunTime:0.001469s ]
INFO: [ view_parse ] --END-- [ RunTime:0.001484s ]
INFO: [ view_filter ] --START--
INFO: Run Behavior\WriteHtmlCacheBehavior [ RunTime:0.000026s ]
INFO: [ view_filter ] --END-- [ RunTime:0.000033s ]
INFO: [ app_end ] --START--
INFO: Run Behavior\ShowPageTraceBehavior [ RunTime:0.000013s ]
INFO: [ app_end ] --END-- [ RunTime:0.000020s ]

[ 2017-12-14T10:53:35+08:00 ] 222.27.167.108 /index.php/PC/User
INFO: [ app_init ] --START--
INFO: Run Behavior\BuildLiteBehavior [ RunTime:0.000006s ]
INFO: [ app_init ] --END-- [ RunTime:0.000043s ]
INFO: [ app_begin ] --START--
INFO: Run Behavior\ReadHtmlCacheBehavior [ RunTime:0.000020s ]
INFO: [ app_begin ] --END-- [ RunTime:0.000048s ]
NOTIC: [2] Declaration of Common\Model\TeacherModel::check($gid, $pwd) should be compatible with Think\Model::check($value, $rule, $type = 'regex') /var/www/html/Application/Common/Model/TeacherModel.class.php 第 6 行.
SQL: SHOW COLUMNS FROM `teacher` [ RunTime:0.0005s ]
SQL: SELECT gid,password FROM teacher WHERE gid= 130001 AND password= 130001 [ RunTime:0.0002s ]

[ 2017-12-14T10:53:35+08:00 ] 222.27.167.108 /index.php/PC/Confirm
INFO: [ app_init ] --START--
INFO: Run Behavior\BuildLiteBehavior [ RunTime:0.000008s ]
INFO: [ app_init ] --END-- [ RunTime:0.000053s ]
INFO: [ app_begin ] --START--
INFO: Run Behavior\ReadHtmlCacheBehavior [ RunTime:0.000014s ]
INFO: [ app_begin ] --END-- [ RunTime:0.000028s ]
SQL: SHOW COLUMNS FROM `task_info` [ RunTime:0.0005s ]
SQL: 
				SELECT task.file_name,task_info.task_id,task_info.submit_time,task.task_time,task_info.writed,task_info.isupdata,task_info.is_sp 
				FROM task,task_info
				WHERE task_info.task_id=task.id and task_info.gid=130001
		 [ RunTime:0.0003s ]

[ 2017-12-14T10:53:35+08:00 ] 222.27.167.108 /index.php/PC/Confirm/refresh
INFO: [ app_init ] --START--
INFO: Run Behavior\BuildLiteBehavior [ RunTime:0.000005s ]
INFO: [ app_init ] --END-- [ RunTime:0.000037s ]
INFO: [ app_begin ] --START--
INFO: Run Behavior\ReadHtmlCacheBehavior [ RunTime:0.000015s ]
INFO: [ app_begin ] --END-- [ RunTime:0.000030s ]
SQL: SHOW COLUMNS FROM `task` [ RunTime:0.0003s ]
SQL: SELECT file_name name from task where upfile_gid = 130001 [ RunTime:0.0001s ]

[ 2017-12-14T10:53:44+08:00 ] 222.27.167.108 /index.php/PC/Confirm/fileLoad
INFO: [ app_init ] --START--
INFO: Run Behavior\BuildLiteBehavior [ RunTime:0.000006s ]
INFO: [ app_init ] --END-- [ RunTime:0.000043s ]
INFO: [ app_begin ] --START--
INFO: Run Behavior\ReadHtmlCacheBehavior [ RunTime:0.000016s ]
INFO: [ app_begin ] --END-- [ RunTime:0.000028s ]
SQL: SHOW COLUMNS FROM `all_table` [ RunTime:0.0004s ]
SQL: SELECT id,table_name FROM all_table WHERE key_name = '创新团队' [ RunTime:0.0002s ]
SQL: SHOW COLUMNS FROM `all_columns` [ RunTime:0.0003s ]
SQL: SELECT columns_name,keywords from all_columns where all_table_id = 3 [ RunTime:0.0002s ]
SQL: SELECT unit,permitdate,score FROM innovationteam WHERE gid = 130001 [ RunTime:0.0002s ]
NOTIC: [8] Undefined offset: 5 /var/www/html/Application/PC/Controller/ReaderFileController.class.php 第 81 行.
NOTIC: [8] Undefined offset: 5 /var/www/html/Application/PC/Controller/ReaderFileController.class.php 第 81 行.
NOTIC: [8] Undefined offset: 5 /var/www/html/Application/PC/Controller/ReaderFileController.class.php 第 81 行.

[ 2017-12-14T10:53:53+08:00 ] 222.27.167.108 /index.php/PC/Confirm/contentCheck
INFO: [ app_init ] --START--
INFO: Run Behavior\BuildLiteBehavior [ RunTime:0.000006s ]
INFO: [ app_init ] --END-- [ RunTime:0.000045s ]
INFO: [ app_begin ] --START--
INFO: Run Behavior\ReadHtmlCacheBehavior [ RunTime:0.000024s ]
INFO: [ app_begin ] --END-- [ RunTime:0.000038s ]
SQL: SHOW COLUMNS FROM `all_table` [ RunTime:0.0005s ]
SQL: SELECT id,table_name FROM all_table WHERE key_name = '创新团队' [ RunTime:0.0002s ]
SQL: SHOW COLUMNS FROM `all_columns` [ RunTime:0.0003s ]
SQL: SELECT columns_name,keywords from all_columns where all_table_id = 3 [ RunTime:0.0002s ]
SQL: SELECT unit,permitdate,score FROM innovationteam WHERE gid = 130001 [ RunTime:0.0002s ]
NOTIC: [8] Undefined offset: 5 /var/www/html/Application/PC/Controller/ReaderFileController.class.php 第 81 行.
NOTIC: [8] Undefined offset: 5 /var/www/html/Application/PC/Controller/ReaderFileController.class.php 第 81 行.
NOTIC: [8] Undefined offset: 5 /var/www/html/Application/PC/Controller/ReaderFileController.class.php 第 81 行.
SQL: SHOW COLUMNS FROM `innovationteam` [ RunTime:0.0003s ]
SQL: UPDATE `innovationteam` SET unit = '东北林业大学' , permitdate = '123123312' , score = '23' WHERE unit='东北林业大学' and permitdate='123123312' and score='23';UPDATE `innovationteam` SET unit = '鞍山道' , permitdate = '12222' , score = '32' WHERE unit='鞍山道' and permitdate='12222' and score='32';UPDATE `innovationteam` SET unit = '东北林业大学' , permitdate = null , score = null WHERE unit='东北林业大学' and permitdate=null and score=null;UPDATE `innovationteam` SET unit = '1' , permitdate = '1' , score = '1' WHERE unit='1' and permitdate='1' and score='1';UPDATE `innovationteam` SET unit = 'ew' , permitdate = '222' , score = '3' WHERE unit='ew' and permitdate='222' and score='3'; [ RunTime:0.0005s ]
SQL: INSERT INTO innovationteam (gid,unit,permitdate,score) VALUES (130001,null,null,null); [ RunTime:0.0052s ]

[ 2017-12-14T10:54:11+08:00 ] 222.27.167.108 /index.php/PC/Confirm
INFO: [ app_init ] --START--
INFO: Run Behavior\BuildLiteBehavior [ RunTime:0.000011s ]
INFO: [ app_init ] --END-- [ RunTime:0.000070s ]
INFO: [ app_begin ] --START--
INFO: Run Behavior\ReadHtmlCacheBehavior [ RunTime:0.000030s ]
INFO: [ app_begin ] --END-- [ RunTime:0.000054s ]
SQL: SHOW COLUMNS FROM `task_info` [ RunTime:0.0005s ]
SQL: 
				SELECT task.file_name,task_info.task_id,task_info.submit_time,task.task_time,task_info.writed,task_info.isupdata,task_info.is_sp 
				FROM task,task_info
				WHERE task_info.task_id=task.id and task_info.gid=130001
		 [ RunTime:0.0003s ]

[ 2017-12-14T10:54:11+08:00 ] 222.27.167.108 /index.php/PC/Confirm/refresh
INFO: [ app_init ] --START--
INFO: Run Behavior\BuildLiteBehavior [ RunTime:0.000005s ]
INFO: [ app_init ] --END-- [ RunTime:0.000029s ]
INFO: [ app_begin ] --START--
INFO: Run Behavior\ReadHtmlCacheBehavior [ RunTime:0.000013s ]
INFO: [ app_begin ] --END-- [ RunTime:0.000025s ]
SQL: SHOW COLUMNS FROM `task` [ RunTime:0.0004s ]
SQL: SELECT file_name name from task where upfile_gid = 130001 [ RunTime:0.0002s ]

[ 2017-12-14T10:54:13+08:00 ] 222.27.167.108 /index.php/PC/Confirm/fileLoad
INFO: [ app_init ] --START--
INFO: Run Behavior\BuildLiteBehavior [ RunTime:0.000006s ]
INFO: [ app_init ] --END-- [ RunTime:0.000040s ]
INFO: [ app_begin ] --START--
INFO: Run Behavior\ReadHtmlCacheBehavior [ RunTime:0.000014s ]
INFO: [ app_begin ] --END-- [ RunTime:0.000026s ]
SQL: SHOW COLUMNS FROM `all_table` [ RunTime:0.0004s ]
SQL: SELECT id,table_name FROM all_table WHERE key_name = '创新团队' [ RunTime:0.0002s ]
SQL: SHOW COLUMNS FROM `all_columns` [ RunTime:0.0003s ]
SQL: SELECT columns_name,keywords from all_columns where all_table_id = 3 [ RunTime:0.0002s ]
SQL: SELECT unit,permitdate,score FROM innovationteam WHERE gid = 130001 [ RunTime:0.0002s ]
NOTIC: [8] Undefined offset: 6 /var/www/html/Application/PC/Controller/ReaderFileController.class.php 第 81 行.
NOTIC: [8] Undefined offset: 6 /var/www/html/Application/PC/Controller/ReaderFileController.class.php 第 81 行.
NOTIC: [8] Undefined offset: 6 /var/www/html/Application/PC/Controller/ReaderFileController.class.php 第 81 行.

[ 2017-12-14T10:54:15+08:00 ] 222.27.167.108 /index.php/PC/Confirm
INFO: [ app_init ] --START--
INFO: Run Behavior\BuildLiteBehavior [ RunTime:0.000005s ]
INFO: [ app_init ] --END-- [ RunTime:0.000043s ]
INFO: [ app_begin ] --START--
INFO: Run Behavior\ReadHtmlCacheBehavior [ RunTime:0.000016s ]
INFO: [ app_begin ] --END-- [ RunTime:0.000027s ]
SQL: SHOW COLUMNS FROM `task_info` [ RunTime:0.0005s ]
SQL: 
				SELECT task.file_name,task_info.task_id,task_info.submit_time,task.task_time,task_info.writed,task_info.isupdata,task_info.is_sp 
				FROM task,task_info
				WHERE task_info.task_id=task.id and task_info.gid=130001
		 [ RunTime:0.0003s ]

[ 2017-12-14T10:54:15+08:00 ] 222.27.167.108 /index.php/PC/Confirm/refresh
INFO: [ app_init ] --START--
INFO: Run Behavior\BuildLiteBehavior [ RunTime:0.000004s ]
INFO: [ app_init ] --END-- [ RunTime:0.000026s ]
INFO: [ app_begin ] --START--
INFO: Run Behavior\ReadHtmlCacheBehavior [ RunTime:0.000011s ]
INFO: [ app_begin ] --END-- [ RunTime:0.000022s ]
SQL: SHOW COLUMNS FROM `task` [ RunTime:0.0003s ]
SQL: SELECT file_name name from task where upfile_gid = 130001 [ RunTime:0.0002s ]

[ 2017-12-14T10:55:17+08:00 ] 106.11.225.72 /index.php/PC/User/dis
INFO: [ app_init ] --START--
INFO: Run Behavior\BuildLiteBehavior [ RunTime:0.000008s ]
INFO: [ app_init ] --END-- [ RunTime:0.000054s ]
INFO: [ app_begin ] --START--
INFO: Run Behavior\ReadHtmlCacheBehavior [ RunTime:0.000014s ]
INFO: [ app_begin ] --END-- [ RunTime:0.000027s ]
INFO: [ view_parse ] --START--
INFO: [ template_filter ] --START--
INFO: Run Behavior\ContentReplaceBehavior [ RunTime:0.000014s ]
INFO: [ template_filter ] --END-- [ RunTime:0.000027s ]
INFO: Run Behavior\ParseTemplateBehavior [ RunTime:0.000579s ]
INFO: [ view_parse ] --END-- [ RunTime:0.000594s ]
INFO: [ view_filter ] --START--
INFO: Run Behavior\WriteHtmlCacheBehavior [ RunTime:0.000029s ]
INFO: [ view_filter ] --END-- [ RunTime:0.000040s ]
INFO: [ app_end ] --START--
INFO: Run Behavior\ShowPageTraceBehavior [ RunTime:0.000019s ]
INFO: [ app_end ] --END-- [ RunTime:0.000033s ]

[ 2017-12-14T13:00:14+08:00 ] 117.136.7.214 /index.php/PC/User/dis
INFO: [ app_init ] --START--
INFO: Run Behavior\BuildLiteBehavior [ RunTime:0.000007s ]
INFO: [ app_init ] --END-- [ RunTime:0.000047s ]
INFO: [ app_begin ] --START--
INFO: Run Behavior\ReadHtmlCacheBehavior [ RunTime:0.000023s ]
INFO: [ app_begin ] --END-- [ RunTime:0.000037s ]
INFO: [ view_parse ] --START--
INFO: [ template_filter ] --START--
INFO: Run Behavior\ContentReplaceBehavior [ RunTime:0.000017s ]
INFO: [ template_filter ] --END-- [ RunTime:0.000036s ]
INFO: Run Behavior\ParseTemplateBehavior [ RunTime:0.001659s ]
INFO: [ view_parse ] --END-- [ RunTime:0.001675s ]
INFO: [ view_filter ] --START--
INFO: Run Behavior\WriteHtmlCacheBehavior [ RunTime:0.000022s ]
INFO: [ view_filter ] --END-- [ RunTime:0.000033s ]
INFO: [ app_end ] --START--
INFO: Run Behavior\ShowPageTraceBehavior [ RunTime:0.000021s ]
INFO: [ app_end ] --END-- [ RunTime:0.000036s ]

[ 2017-12-14T13:00:22+08:00 ] 117.136.7.214 /index.php/PC/User
INFO: [ app_init ] --START--
INFO: Run Behavior\BuildLiteBehavior [ RunTime:0.000005s ]
INFO: [ app_init ] --END-- [ RunTime:0.000048s ]
INFO: [ app_begin ] --START--
INFO: Run Behavior\ReadHtmlCacheBehavior [ RunTime:0.000017s ]
INFO: [ app_begin ] --END-- [ RunTime:0.000032s ]
NOTIC: [2] Declaration of Common\Model\TeacherModel::check($gid, $pwd) should be compatible with Think\Model::check($value, $rule, $type = 'regex') /var/www/html/Application/Common/Model/TeacherModel.class.php 第 6 行.
SQL: SHOW COLUMNS FROM `teacher` [ RunTime:0.0006s ]
SQL: SELECT gid,password FROM teacher WHERE gid= 130001 AND password= 130001 [ RunTime:0.0003s ]

[ 2017-12-14T13:00:23+08:00 ] 117.136.7.214 /index.php/PC/Confirm/refresh
INFO: [ app_init ] --START--
INFO: Run Behavior\BuildLiteBehavior [ RunTime:0.000006s ]
INFO: [ app_init ] --END-- [ RunTime:0.000042s ]
INFO: [ app_begin ] --START--
INFO: Run Behavior\ReadHtmlCacheBehavior [ RunTime:0.000017s ]
INFO: [ app_begin ] --END-- [ RunTime:0.000033s ]
SQL: SHOW COLUMNS FROM `task` [ RunTime:0.0004s ]
SQL: SELECT file_name name from task where upfile_gid = 130001 [ RunTime:0.0002s ]

[ 2017-12-14T13:00:23+08:00 ] 117.136.7.214 /index.php/PC/Confirm
INFO: [ app_init ] --START--
INFO: Run Behavior\BuildLiteBehavior [ RunTime:0.000005s ]
INFO: [ app_init ] --END-- [ RunTime:0.000034s ]
INFO: [ app_begin ] --START--
INFO: Run Behavior\ReadHtmlCacheBehavior [ RunTime:0.000018s ]
INFO: [ app_begin ] --END-- [ RunTime:0.000036s ]
SQL: SHOW COLUMNS FROM `task_info` [ RunTime:0.0003s ]
SQL: 
				SELECT task.file_name,task_info.task_id,task_info.submit_time,task.task_time,task_info.writed,task_info.isupdata,task_info.is_sp 
				FROM task,task_info
				WHERE task_info.task_id=task.id and task_info.gid=130001
		 [ RunTime:0.0002s ]

[ 2017-12-14T13:00:31+08:00 ] 117.136.7.214 /index.php/PC/Confirm
INFO: [ app_init ] --START--
INFO: Run Behavior\BuildLiteBehavior [ RunTime:0.000006s ]
INFO: [ app_init ] --END-- [ RunTime:0.000044s ]
INFO: [ app_begin ] --START--
INFO: Run Behavior\ReadHtmlCacheBehavior [ RunTime:0.000029s ]
INFO: [ app_begin ] --END-- [ RunTime:0.000046s ]
SQL: SHOW COLUMNS FROM `task_info` [ RunTime:0.0005s ]
SQL: 
				SELECT task.file_name,task_info.task_id,task_info.submit_time,task.task_time,task_info.writed,task_info.isupdata,task_info.is_sp 
				FROM task,task_info
				WHERE task_info.task_id=task.id and task_info.gid=130001
		 [ RunTime:0.0003s ]

[ 2017-12-14T13:00:32+08:00 ] 117.136.7.214 /index.php/PC/Confirm
INFO: [ app_init ] --START--
INFO: Run Behavior\BuildLiteBehavior [ RunTime:0.000006s ]
INFO: [ app_init ] --END-- [ RunTime:0.000041s ]
INFO: [ app_begin ] --START--
INFO: Run Behavior\ReadHtmlCacheBehavior [ RunTime:0.000014s ]
INFO: [ app_begin ] --END-- [ RunTime:0.000026s ]
SQL: SHOW COLUMNS FROM `task_info` [ RunTime:0.0006s ]
SQL: 
				SELECT task.file_name,task_info.task_id,task_info.submit_time,task.task_time,task_info.writed,task_info.isupdata,task_info.is_sp 
				FROM task,task_info
				WHERE task_info.task_id=task.id and task_info.gid=130001
		 [ RunTime:0.0003s ]

[ 2017-12-14T13:00:32+08:00 ] 117.136.7.214 /index.php/PC/Confirm
INFO: [ app_init ] --START--
INFO: Run Behavior\BuildLiteBehavior [ RunTime:0.000006s ]
INFO: [ app_init ] --END-- [ RunTime:0.000040s ]
INFO: [ app_begin ] --START--
INFO: Run Behavior\ReadHtmlCacheBehavior [ RunTime:0.000013s ]
INFO: [ app_begin ] --END-- [ RunTime:0.000025s ]
SQL: SHOW COLUMNS FROM `task_info` [ RunTime:0.0005s ]
SQL: 
				SELECT task.file_name,task_info.task_id,task_info.submit_time,task.task_time,task_info.writed,task_info.isupdata,task_info.is_sp 
				FROM task,task_info
				WHERE task_info.task_id=task.id and task_info.gid=130001
		 [ RunTime:0.0003s ]

[ 2017-12-14T13:00:36+08:00 ] 117.136.7.214 /index.php/PC/Confirm
INFO: [ app_init ] --START--
INFO: Run Behavior\BuildLiteBehavior [ RunTime:0.000006s ]
INFO: [ app_init ] --END-- [ RunTime:0.000043s ]
INFO: [ app_begin ] --START--
INFO: Run Behavior\ReadHtmlCacheBehavior [ RunTime:0.000017s ]
INFO: [ app_begin ] --END-- [ RunTime:0.000028s ]
SQL: SHOW COLUMNS FROM `task_info` [ RunTime:0.0005s ]
SQL: 
				SELECT task.file_name,task_info.task_id,task_info.submit_time,task.task_time,task_info.writed,task_info.isupdata,task_info.is_sp 
				FROM task,task_info
				WHERE task_info.task_id=task.id and task_info.gid=130001
		 [ RunTime:0.0003s ]

[ 2017-12-14T13:00:37+08:00 ] 117.136.7.214 /index.php/PC/Confirm
INFO: [ app_init ] --START--
INFO: Run Behavior\BuildLiteBehavior [ RunTime:0.000006s ]
INFO: [ app_init ] --END-- [ RunTime:0.000043s ]
INFO: [ app_begin ] --START--
INFO: Run Behavior\ReadHtmlCacheBehavior [ RunTime:0.000015s ]
INFO: [ app_begin ] --END-- [ RunTime:0.000028s ]
SQL: SHOW COLUMNS FROM `task_info` [ RunTime:0.0005s ]
SQL: 
				SELECT task.file_name,task_info.task_id,task_info.submit_time,task.task_time,task_info.writed,task_info.isupdata,task_info.is_sp 
				FROM task,task_info
				WHERE task_info.task_id=task.id and task_info.gid=130001
		 [ RunTime:0.0003s ]

[ 2017-12-14T13:00:37+08:00 ] 117.136.7.214 /index.php/PC/Confirm/refresh
INFO: [ app_init ] --START--
INFO: Run Behavior\BuildLiteBehavior [ RunTime:0.000006s ]
INFO: [ app_init ] --END-- [ RunTime:0.000049s ]
INFO: [ app_begin ] --START--
INFO: Run Behavior\ReadHtmlCacheBehavior [ RunTime:0.000013s ]
INFO: [ app_begin ] --END-- [ RunTime:0.000024s ]
SQL: SHOW COLUMNS FROM `task` [ RunTime:0.0004s ]
SQL: SELECT file_name name from task where upfile_gid = 130001 [ RunTime:0.0002s ]

[ 2017-12-14T13:00:44+08:00 ] 117.136.7.214 /index.php/PC/Confirm
INFO: [ app_init ] --START--
INFO: Run Behavior\BuildLiteBehavior [ RunTime:0.000007s ]
INFO: [ app_init ] --END-- [ RunTime:0.000045s ]
INFO: [ app_begin ] --START--
INFO: Run Behavior\ReadHtmlCacheBehavior [ RunTime:0.000016s ]
INFO: [ app_begin ] --END-- [ RunTime:0.000029s ]
SQL: SHOW COLUMNS FROM `task_info` [ RunTime:0.0006s ]
SQL: 
				SELECT task.file_name,task_info.task_id,task_info.submit_time,task.task_time,task_info.writed,task_info.isupdata,task_info.is_sp 
				FROM task,task_info
				WHERE task_info.task_id=task.id and task_info.gid=130001
		 [ RunTime:0.0004s ]

[ 2017-12-14T13:00:49+08:00 ] 117.136.7.214 /index.php/PC/Confirm
INFO: [ app_init ] --START--
INFO: Run Behavior\BuildLiteBehavior [ RunTime:0.000008s ]
INFO: [ app_init ] --END-- [ RunTime:0.000062s ]
INFO: [ app_begin ] --START--
INFO: Run Behavior\ReadHtmlCacheBehavior [ RunTime:0.000015s ]
INFO: [ app_begin ] --END-- [ RunTime:0.000027s ]
SQL: SHOW COLUMNS FROM `task_info` [ RunTime:0.0005s ]
SQL: 
				SELECT task.file_name,task_info.task_id,task_info.submit_time,task.task_time,task_info.writed,task_info.isupdata,task_info.is_sp 
				FROM task,task_info
				WHERE task_info.task_id=task.id and task_info.gid=130001
		 [ RunTime:0.0003s ]

[ 2017-12-14T13:00:50+08:00 ] 117.136.7.214 /index.php/PC/Confirm
INFO: [ app_init ] --START--
INFO: Run Behavior\BuildLiteBehavior [ RunTime:0.000006s ]
INFO: [ app_init ] --END-- [ RunTime:0.000041s ]
INFO: [ app_begin ] --START--
INFO: Run Behavior\ReadHtmlCacheBehavior [ RunTime:0.000015s ]
INFO: [ app_begin ] --END-- [ RunTime:0.000027s ]
SQL: SHOW COLUMNS FROM `task_info` [ RunTime:0.0005s ]
SQL: 
				SELECT task.file_name,task_info.task_id,task_info.submit_time,task.task_time,task_info.writed,task_info.isupdata,task_info.is_sp 
				FROM task,task_info
				WHERE task_info.task_id=task.id and task_info.gid=130001
		 [ RunTime:0.0003s ]

[ 2017-12-14T13:00:51+08:00 ] 117.136.7.214 /index.php/PC/Confirm
INFO: [ app_init ] --START--
INFO: Run Behavior\BuildLiteBehavior [ RunTime:0.000006s ]
INFO: [ app_init ] --END-- [ RunTime:0.000041s ]
INFO: [ app_begin ] --START--
INFO: Run Behavior\ReadHtmlCacheBehavior [ RunTime:0.000015s ]
INFO: [ app_begin ] --END-- [ RunTime:0.000026s ]
SQL: SHOW COLUMNS FROM `task_info` [ RunTime:0.0005s ]
SQL: 
				SELECT task.file_name,task_info.task_id,task_info.submit_time,task.task_time,task_info.writed,task_info.isupdata,task_info.is_sp 
				FROM task,task_info
				WHERE task_info.task_id=task.id and task_info.gid=130001
		 [ RunTime:0.0003s ]

[ 2017-12-14T13:00:52+08:00 ] 117.136.7.214 /index.php/PC/Confirm
INFO: [ app_init ] --START--
INFO: Run Behavior\BuildLiteBehavior [ RunTime:0.000006s ]
INFO: [ app_init ] --END-- [ RunTime:0.000081s ]
INFO: [ app_begin ] --START--
INFO: Run Behavior\ReadHtmlCacheBehavior [ RunTime:0.000017s ]
INFO: [ app_begin ] --END-- [ RunTime:0.000028s ]
SQL: SHOW COLUMNS FROM `task_info` [ RunTime:0.0005s ]
SQL: 
				SELECT task.file_name,task_info.task_id,task_info.submit_time,task.task_time,task_info.writed,task_info.isupdata,task_info.is_sp 
				FROM task,task_info
				WHERE task_info.task_id=task.id and task_info.gid=130001
		 [ RunTime:0.0003s ]

[ 2017-12-14T13:00:52+08:00 ] 117.136.7.214 /index.php/PC/Confirm/refresh
INFO: [ app_init ] --START--
INFO: Run Behavior\BuildLiteBehavior [ RunTime:0.000007s ]
INFO: [ app_init ] --END-- [ RunTime:0.000041s ]
INFO: [ app_begin ] --START--
INFO: Run Behavior\ReadHtmlCacheBehavior [ RunTime:0.000014s ]
INFO: [ app_begin ] --END-- [ RunTime:0.000025s ]
SQL: SHOW COLUMNS FROM `task` [ RunTime:0.0004s ]
SQL: SELECT file_name name from task where upfile_gid = 130001 [ RunTime:0.0002s ]

[ 2017-12-14T13:00:53+08:00 ] 117.136.7.214 /index.php/PC/Confirm
INFO: [ app_init ] --START--
INFO: Run Behavior\BuildLiteBehavior [ RunTime:0.000007s ]
INFO: [ app_init ] --END-- [ RunTime:0.000043s ]
INFO: [ app_begin ] --START--
INFO: Run Behavior\ReadHtmlCacheBehavior [ RunTime:0.000015s ]
INFO: [ app_begin ] --END-- [ RunTime:0.000029s ]
SQL: SHOW COLUMNS FROM `task_info` [ RunTime:0.0005s ]
SQL: 
				SELECT task.file_name,task_info.task_id,task_info.submit_time,task.task_time,task_info.writed,task_info.isupdata,task_info.is_sp 
				FROM task,task_info
				WHERE task_info.task_id=task.id and task_info.gid=130001
		 [ RunTime:0.0003s ]

[ 2017-12-14T13:00:54+08:00 ] 117.136.7.214 /index.php/PC/Confirm
INFO: [ app_init ] --START--
INFO: Run Behavior\BuildLiteBehavior [ RunTime:0.000006s ]
INFO: [ app_init ] --END-- [ RunTime:0.000040s ]
INFO: [ app_begin ] --START--
INFO: Run Behavior\ReadHtmlCacheBehavior [ RunTime:0.000013s ]
INFO: [ app_begin ] --END-- [ RunTime:0.000025s ]
SQL: SHOW COLUMNS FROM `task_info` [ RunTime:0.0005s ]
SQL: 
				SELECT task.file_name,task_info.task_id,task_info.submit_time,task.task_time,task_info.writed,task_info.isupdata,task_info.is_sp 
				FROM task,task_info
				WHERE task_info.task_id=task.id and task_info.gid=130001
		 [ RunTime:0.0003s ]

[ 2017-12-14T13:00:54+08:00 ] 117.136.7.214 /index.php/PC/Confirm
INFO: [ app_init ] --START--
INFO: Run Behavior\BuildLiteBehavior [ RunTime:0.000006s ]
INFO: [ app_init ] --END-- [ RunTime:0.000039s ]
INFO: [ app_begin ] --START--
INFO: Run Behavior\ReadHtmlCacheBehavior [ RunTime:0.000019s ]
INFO: [ app_begin ] --END-- [ RunTime:0.000034s ]
SQL: SHOW COLUMNS FROM `task_info` [ RunTime:0.0005s ]
SQL: 
				SELECT task.file_name,task_info.task_id,task_info.submit_time,task.task_time,task_info.writed,task_info.isupdata,task_info.is_sp 
				FROM task,task_info
				WHERE task_info.task_id=task.id and task_info.gid=130001
		 [ RunTime:0.0003s ]

[ 2017-12-14T13:00:55+08:00 ] 117.136.7.214 /index.php/PC/Confirm
INFO: [ app_init ] --START--
INFO: Run Behavior\BuildLiteBehavior [ RunTime:0.000006s ]
INFO: [ app_init ] --END-- [ RunTime:0.000043s ]
INFO: [ app_begin ] --START--
INFO: Run Behavior\ReadHtmlCacheBehavior [ RunTime:0.000016s ]
INFO: [ app_begin ] --END-- [ RunTime:0.000027s ]
SQL: SHOW COLUMNS FROM `task_info` [ RunTime:0.0006s ]
SQL: 
				SELECT task.file_name,task_info.task_id,task_info.submit_time,task.task_time,task_info.writed,task_info.isupdata,task_info.is_sp 
				FROM task,task_info
				WHERE task_info.task_id=task.id and task_info.gid=130001
		 [ RunTime:0.0003s ]

[ 2017-12-14T13:00:55+08:00 ] 117.136.7.214 /index.php/PC/Confirm/refresh
INFO: [ app_init ] --START--
INFO: Run Behavior\BuildLiteBehavior [ RunTime:0.000004s ]
INFO: [ app_init ] --END-- [ RunTime:0.000027s ]
INFO: [ app_begin ] --START--
INFO: Run Behavior\ReadHtmlCacheBehavior [ RunTime:0.000012s ]
INFO: [ app_begin ] --END-- [ RunTime:0.000024s ]
SQL: SHOW COLUMNS FROM `task` [ RunTime:0.0003s ]
SQL: SELECT file_name name from task where upfile_gid = 130001 [ RunTime:0.0002s ]

[ 2017-12-14T13:00:55+08:00 ] 117.136.7.214 /index.php/PC/Confirm
INFO: [ app_init ] --START--
INFO: Run Behavior\BuildLiteBehavior [ RunTime:0.000006s ]
INFO: [ app_init ] --END-- [ RunTime:0.000043s ]
INFO: [ app_begin ] --START--
INFO: Run Behavior\ReadHtmlCacheBehavior [ RunTime:0.000015s ]
INFO: [ app_begin ] --END-- [ RunTime:0.000027s ]
SQL: SHOW COLUMNS FROM `task_info` [ RunTime:0.0006s ]
SQL: 
				SELECT task.file_name,task_info.task_id,task_info.submit_time,task.task_time,task_info.writed,task_info.isupdata,task_info.is_sp 
				FROM task,task_info
				WHERE task_info.task_id=task.id and task_info.gid=130001
		 [ RunTime:0.0004s ]

[ 2017-12-14T13:00:55+08:00 ] 117.136.7.214 /index.php/PC/Confirm
INFO: [ app_init ] --START--
INFO: Run Behavior\BuildLiteBehavior [ RunTime:0.000006s ]
INFO: [ app_init ] --END-- [ RunTime:0.000038s ]
INFO: [ app_begin ] --START--
INFO: Run Behavior\ReadHtmlCacheBehavior [ RunTime:0.000013s ]
INFO: [ app_begin ] --END-- [ RunTime:0.000025s ]
SQL: SHOW COLUMNS FROM `task_info` [ RunTime:0.0004s ]
SQL: 
				SELECT task.file_name,task_info.task_id,task_info.submit_time,task.task_time,task_info.writed,task_info.isupdata,task_info.is_sp 
				FROM task,task_info
				WHERE task_info.task_id=task.id and task_info.gid=130001
		 [ RunTime:0.0003s ]

[ 2017-12-14T13:00:55+08:00 ] 117.136.7.214 /index.php/PC/Confirm/refresh
INFO: [ app_init ] --START--
INFO: Run Behavior\BuildLiteBehavior [ RunTime:0.000009s ]
INFO: [ app_init ] --END-- [ RunTime:0.000067s ]
INFO: [ app_begin ] --START--
INFO: Run Behavior\ReadHtmlCacheBehavior [ RunTime:0.000025s ]
INFO: [ app_begin ] --END-- [ RunTime:0.000050s ]
SQL: SHOW COLUMNS FROM `task` [ RunTime:0.0007s ]
SQL: SELECT file_name name from task where upfile_gid = 130001 [ RunTime:0.0010s ]

[ 2017-12-14T13:00:55+08:00 ] 117.136.7.214 /index.php/PC/Confirm
INFO: [ app_init ] --START--
INFO: Run Behavior\BuildLiteBehavior [ RunTime:0.000006s ]
INFO: [ app_init ] --END-- [ RunTime:0.000044s ]
INFO: [ app_begin ] --START--
INFO: Run Behavior\ReadHtmlCacheBehavior [ RunTime:0.000024s ]
INFO: [ app_begin ] --END-- [ RunTime:0.000048s ]
SQL: SHOW COLUMNS FROM `task_info` [ RunTime:0.0003s ]
SQL: 
				SELECT task.file_name,task_info.task_id,task_info.submit_time,task.task_time,task_info.writed,task_info.isupdata,task_info.is_sp 
				FROM task,task_info
				WHERE task_info.task_id=task.id and task_info.gid=130001
		 [ RunTime:0.0003s ]

[ 2017-12-14T13:01:01+08:00 ] 117.136.7.214 /index.php/PC/User/dis
INFO: [ app_init ] --START--
INFO: Run Behavior\BuildLiteBehavior [ RunTime:0.000007s ]
INFO: [ app_init ] --END-- [ RunTime:0.000049s ]
INFO: [ app_begin ] --START--
INFO: Run Behavior\ReadHtmlCacheBehavior [ RunTime:0.000015s ]
INFO: [ app_begin ] --END-- [ RunTime:0.000027s ]
INFO: [ view_parse ] --START--
INFO: [ template_filter ] --START--
INFO: Run Behavior\ContentReplaceBehavior [ RunTime:0.000017s ]
INFO: [ template_filter ] --END-- [ RunTime:0.000035s ]
INFO: Run Behavior\ParseTemplateBehavior [ RunTime:0.001666s ]
INFO: [ view_parse ] --END-- [ RunTime:0.001683s ]
INFO: [ view_filter ] --START--
INFO: Run Behavior\WriteHtmlCacheBehavior [ RunTime:0.000021s ]
INFO: [ view_filter ] --END-- [ RunTime:0.000030s ]
INFO: [ app_end ] --START--
INFO: Run Behavior\ShowPageTraceBehavior [ RunTime:0.000013s ]
INFO: [ app_end ] --END-- [ RunTime:0.000022s ]

[ 2017-12-14T13:01:01+08:00 ] 117.136.7.214 /index.php/PC/Confirm
INFO: [ app_init ] --START--
INFO: Run Behavior\BuildLiteBehavior [ RunTime:0.000006s ]
INFO: [ app_init ] --END-- [ RunTime:0.000041s ]
INFO: [ app_begin ] --START--
INFO: Run Behavior\ReadHtmlCacheBehavior [ RunTime:0.000014s ]
INFO: [ app_begin ] --END-- [ RunTime:0.000026s ]
SQL: SHOW COLUMNS FROM `task_info` [ RunTime:0.0005s ]
SQL: 
				SELECT task.file_name,task_info.task_id,task_info.submit_time,task.task_time,task_info.writed,task_info.isupdata,task_info.is_sp 
				FROM task,task_info
				WHERE task_info.task_id=task.id and task_info.gid=130001
		 [ RunTime:0.0003s ]

[ 2017-12-14T13:01:01+08:00 ] 117.136.7.214 /index.php/PC/Confirm/refresh
INFO: [ app_init ] --START--
INFO: Run Behavior\BuildLiteBehavior [ RunTime:0.000006s ]
INFO: [ app_init ] --END-- [ RunTime:0.000040s ]
INFO: [ app_begin ] --START--
INFO: Run Behavior\ReadHtmlCacheBehavior [ RunTime:0.000014s ]
INFO: [ app_begin ] --END-- [ RunTime:0.000027s ]
SQL: SHOW COLUMNS FROM `task` [ RunTime:0.0004s ]
SQL: SELECT file_name name from task where upfile_gid = 130001 [ RunTime:0.0002s ]

[ 2017-12-14T15:30:13+08:00 ] 106.11.226.159 /index.php/PC/User/dis
INFO: [ app_init ] --START--
INFO: Run Behavior\BuildLiteBehavior [ RunTime:0.000004s ]
INFO: [ app_init ] --END-- [ RunTime:0.000026s ]
INFO: [ app_begin ] --START--
INFO: Run Behavior\ReadHtmlCacheBehavior [ RunTime:0.000017s ]
INFO: [ app_begin ] --END-- [ RunTime:0.000034s ]
INFO: [ view_parse ] --START--
INFO: [ template_filter ] --START--
INFO: Run Behavior\ContentReplaceBehavior [ RunTime:0.000017s ]
INFO: [ template_filter ] --END-- [ RunTime:0.000035s ]
INFO: Run Behavior\ParseTemplateBehavior [ RunTime:0.001529s ]
INFO: [ view_parse ] --END-- [ RunTime:0.001546s ]
INFO: [ view_filter ] --START--
INFO: Run Behavior\WriteHtmlCacheBehavior [ RunTime:0.000021s ]
INFO: [ view_filter ] --END-- [ RunTime:0.000029s ]
INFO: [ app_end ] --START--
INFO: Run Behavior\ShowPageTraceBehavior [ RunTime:0.000010s ]
INFO: [ app_end ] --END-- [ RunTime:0.000018s ]

[ 2017-12-14T15:30:14+08:00 ] 106.11.242.185 /index.php/PC/User/dis
INFO: [ app_init ] --START--
INFO: Run Behavior\BuildLiteBehavior [ RunTime:0.000004s ]
INFO: [ app_init ] --END-- [ RunTime:0.000028s ]
INFO: [ app_begin ] --START--
INFO: Run Behavior\ReadHtmlCacheBehavior [ RunTime:0.000042s ]
INFO: [ app_begin ] --END-- [ RunTime:0.000063s ]
INFO: [ view_parse ] --START--
INFO: [ template_filter ] --START--
INFO: Run Behavior\ContentReplaceBehavior [ RunTime:0.000018s ]
INFO: [ template_filter ] --END-- [ RunTime:0.000059s ]
INFO: Run Behavior\ParseTemplateBehavior [ RunTime:0.001527s ]
INFO: [ view_parse ] --END-- [ RunTime:0.001555s ]
INFO: [ view_filter ] --START--
INFO: Run Behavior\WriteHtmlCacheBehavior [ RunTime:0.000018s ]
INFO: [ view_filter ] --END-- [ RunTime:0.000025s ]
INFO: [ app_end ] --START--
INFO: Run Behavior\ShowPageTraceBehavior [ RunTime:0.000010s ]
INFO: [ app_end ] --END-- [ RunTime:0.000018s ]

[ 2017-12-14T16:53:34+08:00 ] 185.100.87.250 /index.php/PC/User/dis
INFO: [ app_init ] --START--
INFO: Run Behavior\BuildLiteBehavior [ RunTime:0.000020s ]
INFO: [ app_init ] --END-- [ RunTime:0.000055s ]
INFO: [ app_begin ] --START--
INFO: Run Behavior\ReadHtmlCacheBehavior [ RunTime:0.000013s ]
INFO: [ app_begin ] --END-- [ RunTime:0.000025s ]
INFO: [ view_parse ] --START--
INFO: [ template_filter ] --START--
INFO: Run Behavior\ContentReplaceBehavior [ RunTime:0.000014s ]
INFO: [ template_filter ] --END-- [ RunTime:0.000028s ]
INFO: Run Behavior\ParseTemplateBehavior [ RunTime:0.000585s ]
INFO: [ view_parse ] --END-- [ RunTime:0.000602s ]
INFO: [ view_filter ] --START--
INFO: Run Behavior\WriteHtmlCacheBehavior [ RunTime:0.000020s ]
INFO: [ view_filter ] --END-- [ RunTime:0.000027s ]
INFO: [ app_end ] --START--
INFO: Run Behavior\ShowPageTraceBehavior [ RunTime:0.000011s ]
INFO: [ app_end ] --END-- [ RunTime:0.000019s ]

[ 2017-12-14T17:09:18+08:00 ] 222.27.167.108 /index.php/PC/User/dis
INFO: [ app_init ] --START--
INFO: Run Behavior\BuildLiteBehavior [ RunTime:0.000006s ]
INFO: [ app_init ] --END-- [ RunTime:0.000044s ]
INFO: [ app_begin ] --START--
INFO: Run Behavior\ReadHtmlCacheBehavior [ RunTime:0.000018s ]
INFO: [ app_begin ] --END-- [ RunTime:0.000034s ]
INFO: [ view_parse ] --START--
INFO: [ template_filter ] --START--
INFO: Run Behavior\ContentReplaceBehavior [ RunTime:0.000014s ]
INFO: [ template_filter ] --END-- [ RunTime:0.000030s ]
INFO: Run Behavior\ParseTemplateBehavior [ RunTime:0.000591s ]
INFO: [ view_parse ] --END-- [ RunTime:0.000608s ]
INFO: [ view_filter ] --START--
INFO: Run Behavior\WriteHtmlCacheBehavior [ RunTime:0.000020s ]
INFO: [ view_filter ] --END-- [ RunTime:0.000028s ]
INFO: [ app_end ] --START--
INFO: Run Behavior\ShowPageTraceBehavior [ RunTime:0.000011s ]
INFO: [ app_end ] --END-- [ RunTime:0.000019s ]

[ 2017-12-14T17:09:22+08:00 ] 222.27.167.108 /index.php/PC/User
INFO: [ app_init ] --START--
INFO: Run Behavior\BuildLiteBehavior [ RunTime:0.000006s ]
INFO: [ app_init ] --END-- [ RunTime:0.000042s ]
INFO: [ app_begin ] --START--
INFO: Run Behavior\ReadHtmlCacheBehavior [ RunTime:0.000016s ]
INFO: [ app_begin ] --END-- [ RunTime:0.000028s ]
NOTIC: [2] Declaration of Common\Model\TeacherModel::check($gid, $pwd) should be compatible with Think\Model::check($value, $rule, $type = 'regex') /var/www/html/Application/Common/Model/TeacherModel.class.php 第 6 行.
SQL: SHOW COLUMNS FROM `teacher` [ RunTime:0.0005s ]
SQL: SELECT gid,password FROM teacher WHERE gid= 130001 AND password= 130001 [ RunTime:0.0002s ]

[ 2017-12-14T17:09:22+08:00 ] 222.27.167.108 /index.php/PC/Confirm
INFO: [ app_init ] --START--
INFO: Run Behavior\BuildLiteBehavior [ RunTime:0.000006s ]
INFO: [ app_init ] --END-- [ RunTime:0.000040s ]
INFO: [ app_begin ] --START--
INFO: Run Behavior\ReadHtmlCacheBehavior [ RunTime:0.000014s ]
INFO: [ app_begin ] --END-- [ RunTime:0.000026s ]
SQL: SHOW COLUMNS FROM `task_info` [ RunTime:0.0005s ]
SQL: 
				SELECT task.file_name,task_info.task_id,task_info.submit_time,task.task_time,task_info.writed,task_info.isupdata,task_info.is_sp 
				FROM task,task_info
				WHERE task_info.task_id=task.id and task_info.gid=130001
		 [ RunTime:0.0003s ]

[ 2017-12-14T17:09:22+08:00 ] 222.27.167.108 /index.php/PC/Confirm/refresh
INFO: [ app_init ] --START--
INFO: Run Behavior\BuildLiteBehavior [ RunTime:0.000004s ]
INFO: [ app_init ] --END-- [ RunTime:0.000040s ]
INFO: [ app_begin ] --START--
INFO: Run Behavior\ReadHtmlCacheBehavior [ RunTime:0.000013s ]
INFO: [ app_begin ] --END-- [ RunTime:0.000024s ]
SQL: SHOW COLUMNS FROM `task` [ RunTime:0.0003s ]
SQL: SELECT file_name name from task where upfile_gid = 130001 [ RunTime:0.0001s ]

[ 2017-12-14T17:09:24+08:00 ] 222.27.167.108 /index.php/PC/Confirm/fileLoad
INFO: [ app_init ] --START--
INFO: Run Behavior\BuildLiteBehavior [ RunTime:0.000007s ]
INFO: [ app_init ] --END-- [ RunTime:0.000043s ]
INFO: [ app_begin ] --START--
INFO: Run Behavior\ReadHtmlCacheBehavior [ RunTime:0.000013s ]
INFO: [ app_begin ] --END-- [ RunTime:0.000026s ]
SQL: SHOW COLUMNS FROM `all_table` [ RunTime:0.0005s ]
SQL: SELECT id,table_name FROM all_table WHERE key_name = '创新团队' [ RunTime:0.0002s ]
SQL: SHOW COLUMNS FROM `all_columns` [ RunTime:0.0003s ]
SQL: SELECT columns_name,keywords from all_columns where all_table_id = 3 [ RunTime:0.0002s ]
SQL: SELECT unit,permitdate,score FROM innovationteam WHERE gid = 130001 [ RunTime:0.0002s ]
NOTIC: [8] Undefined offset: 6 /var/www/html/Application/PC/Controller/ReaderFileController.class.php 第 81 行.
NOTIC: [8] Undefined offset: 6 /var/www/html/Application/PC/Controller/ReaderFileController.class.php 第 81 行.
NOTIC: [8] Undefined offset: 6 /var/www/html/Application/PC/Controller/ReaderFileController.class.php 第 81 行.

[ 2017-12-14T17:09:29+08:00 ] 222.27.167.108 /index.php/PC/Download?file_name=%E6%95%99%E5%B8%88%E5%88%9B%E6%96%B0%E5%9B%A2%E9%98%9F%E7%BB%9F%E8%AE%A1%E8%A1%A8.xlsx
INFO: [ app_init ] --START--
INFO: Run Behavior\BuildLiteBehavior [ RunTime:0.000005s ]
INFO: [ app_init ] --END-- [ RunTime:0.000042s ]
INFO: [ app_begin ] --START--
INFO: Run Behavior\ReadHtmlCacheBehavior [ RunTime:0.000018s ]
INFO: [ app_begin ] --END-- [ RunTime:0.000030s ]
NOTIC: [2] substr() expects at least 2 parameters, 1 given /var/www/html/Application/PC/Controller/DownloadController.class.php 第 33 行.
SQL: SHOW COLUMNS FROM `task` [ RunTime:0.0005s ]
NOTIC: [2] substr() expects at least 2 parameters, 1 given /var/www/html/Application/PC/Controller/DownloadController.class.php 第 39 行.
ERR: 1054:Unknown column 'gid' in 'where clause'
 [ SQL语句 ] : DELETE FROM `task` WHERE ( file_name = '' AND gid = 130001 )
ERR: 1054:Unknown column 'gid' in 'where clause'
 [ SQL语句 ] : DELETE FROM `task` WHERE ( file_name = '' AND gid = 130001 )
NOTIC: [2] Cannot modify header information - headers already sent by (output started at /var/www/html/Application/PC/Controller/DownloadController.class.php:34) /var/www/html/ThinkPHP/Library/Think/Think.class.php 第 229 行.
NOTIC: [2] Cannot modify header information - headers already sent by (output started at /var/www/html/Application/PC/Controller/DownloadController.class.php:34) /var/www/html/ThinkPHP/Library/Think/Think.class.php 第 230 行.

[ 2017-12-14T17:09:29+08:00 ] 222.27.167.108 /index.php/PC/Confirm
INFO: [ app_init ] --START--
INFO: Run Behavior\BuildLiteBehavior [ RunTime:0.000006s ]
INFO: [ app_init ] --END-- [ RunTime:0.000040s ]
INFO: [ app_begin ] --START--
INFO: Run Behavior\ReadHtmlCacheBehavior [ RunTime:0.000015s ]
INFO: [ app_begin ] --END-- [ RunTime:0.000035s ]
SQL: SHOW COLUMNS FROM `task_info` [ RunTime:0.0004s ]
SQL: 
				SELECT task.file_name,task_info.task_id,task_info.submit_time,task.task_time,task_info.writed,task_info.isupdata,task_info.is_sp 
				FROM task,task_info
				WHERE task_info.task_id=task.id and task_info.gid=130001
		 [ RunTime:0.0003s ]

[ 2017-12-14T17:09:29+08:00 ] 222.27.167.108 /index.php/PC/Confirm/refresh
INFO: [ app_init ] --START--
INFO: Run Behavior\BuildLiteBehavior [ RunTime:0.000003s ]
INFO: [ app_init ] --END-- [ RunTime:0.000025s ]
INFO: [ app_begin ] --START--
INFO: Run Behavior\ReadHtmlCacheBehavior [ RunTime:0.000011s ]
INFO: [ app_begin ] --END-- [ RunTime:0.000023s ]
SQL: SHOW COLUMNS FROM `task` [ RunTime:0.0003s ]
SQL: SELECT file_name name from task where upfile_gid = 130001 [ RunTime:0.0002s ]

[ 2017-12-14T20:06:46+08:00 ] 104.192.74.28 /index.php/PC/User/dis
INFO: [ app_init ] --START--
INFO: Run Behavior\BuildLiteBehavior [ RunTime:0.000006s ]
INFO: [ app_init ] --END-- [ RunTime:0.000042s ]
INFO: [ app_begin ] --START--
INFO: Run Behavior\ReadHtmlCacheBehavior [ RunTime:0.000016s ]
INFO: [ app_begin ] --END-- [ RunTime:0.000031s ]
INFO: [ view_parse ] --START--
INFO: [ template_filter ] --START--
INFO: Run Behavior\ContentReplaceBehavior [ RunTime:0.000015s ]
INFO: [ template_filter ] --END-- [ RunTime:0.000033s ]
INFO: Run Behavior\ParseTemplateBehavior [ RunTime:0.001517s ]
INFO: [ view_parse ] --END-- [ RunTime:0.001534s ]
INFO: [ view_filter ] --START--
INFO: Run Behavior\WriteHtmlCacheBehavior [ RunTime:0.000036s ]
INFO: [ view_filter ] --END-- [ RunTime:0.000045s ]
INFO: [ app_end ] --START--
INFO: Run Behavior\ShowPageTraceBehavior [ RunTime:0.000013s ]
INFO: [ app_end ] --END-- [ RunTime:0.000021s ]

[ 2017-12-14T20:13:16+08:00 ] 140.205.225.201 /index.php/PC/User/dis
INFO: [ app_init ] --START--
INFO: Run Behavior\BuildLiteBehavior [ RunTime:0.000006s ]
INFO: [ app_init ] --END-- [ RunTime:0.000040s ]
INFO: [ app_begin ] --START--
INFO: Run Behavior\ReadHtmlCacheBehavior [ RunTime:0.000014s ]
INFO: [ app_begin ] --END-- [ RunTime:0.000027s ]
INFO: [ view_parse ] --START--
INFO: [ template_filter ] --START--
INFO: Run Behavior\ContentReplaceBehavior [ RunTime:0.000014s ]
INFO: [ template_filter ] --END-- [ RunTime:0.000028s ]
INFO: Run Behavior\ParseTemplateBehavior [ RunTime:0.000571s ]
INFO: [ view_parse ] --END-- [ RunTime:0.000587s ]
INFO: [ view_filter ] --START--
INFO: Run Behavior\WriteHtmlCacheBehavior [ RunTime:0.000020s ]
INFO: [ view_filter ] --END-- [ RunTime:0.000027s ]
INFO: [ app_end ] --START--
INFO: Run Behavior\ShowPageTraceBehavior [ RunTime:0.000012s ]
INFO: [ app_end ] --END-- [ RunTime:0.000018s ]

[ 2017-12-14T21:09:25+08:00 ] 140.205.201.45 /index.php/PC/User/dis
INFO: [ app_init ] --START--
INFO: Run Behavior\BuildLiteBehavior [ RunTime:0.000006s ]
INFO: [ app_init ] --END-- [ RunTime:0.000046s ]
INFO: [ app_begin ] --START--
INFO: Run Behavior\ReadHtmlCacheBehavior [ RunTime:0.000017s ]
INFO: [ app_begin ] --END-- [ RunTime:0.000029s ]
INFO: [ view_parse ] --START--
INFO: [ template_filter ] --START--
INFO: Run Behavior\ContentReplaceBehavior [ RunTime:0.000015s ]
INFO: [ template_filter ] --END-- [ RunTime:0.000028s ]
INFO: Run Behavior\ParseTemplateBehavior [ RunTime:0.000603s ]
INFO: [ view_parse ] --END-- [ RunTime:0.000620s ]
INFO: [ view_filter ] --START--
INFO: Run Behavior\WriteHtmlCacheBehavior [ RunTime:0.000029s ]
INFO: [ view_filter ] --END-- [ RunTime:0.000041s ]
INFO: [ app_end ] --START--
INFO: Run Behavior\ShowPageTraceBehavior [ RunTime:0.000017s ]
INFO: [ app_end ] --END-- [ RunTime:0.000025s ]

[ 2017-12-14T21:19:54+08:00 ] 222.27.167.112 /index.php/PC/User/dis
INFO: [ app_init ] --START--
INFO: Run Behavior\BuildLiteBehavior [ RunTime:0.000006s ]
INFO: [ app_init ] --END-- [ RunTime:0.000044s ]
INFO: [ app_begin ] --START--
INFO: Run Behavior\ReadHtmlCacheBehavior [ RunTime:0.000017s ]
INFO: [ app_begin ] --END-- [ RunTime:0.000030s ]
INFO: [ view_parse ] --START--
INFO: [ template_filter ] --START--
INFO: Run Behavior\ContentReplaceBehavior [ RunTime:0.000017s ]
INFO: [ template_filter ] --END-- [ RunTime:0.000034s ]
INFO: Run Behavior\ParseTemplateBehavior [ RunTime:0.001470s ]
INFO: [ view_parse ] --END-- [ RunTime:0.001485s ]
INFO: [ view_filter ] --START--
INFO: Run Behavior\WriteHtmlCacheBehavior [ RunTime:0.000020s ]
INFO: [ view_filter ] --END-- [ RunTime:0.000028s ]
INFO: [ app_end ] --START--
INFO: Run Behavior\ShowPageTraceBehavior [ RunTime:0.000015s ]
INFO: [ app_end ] --END-- [ RunTime:0.000024s ]

[ 2017-12-14T21:19:54+08:00 ] 222.27.167.112 /index.php/PC/Confirm
INFO: [ app_init ] --START--
INFO: Run Behavior\BuildLiteBehavior [ RunTime:0.000006s ]
INFO: [ app_init ] --END-- [ RunTime:0.000041s ]
INFO: [ app_begin ] --START--
INFO: Run Behavior\ReadHtmlCacheBehavior [ RunTime:0.000028s ]
INFO: [ app_begin ] --END-- [ RunTime:0.000048s ]

[ 2017-12-14T21:19:54+08:00 ] 222.27.167.112 /index.php/PC/Confirm/refresh
INFO: [ app_init ] --START--
INFO: Run Behavior\BuildLiteBehavior [ RunTime:0.000005s ]
INFO: [ app_init ] --END-- [ RunTime:0.000030s ]
INFO: [ app_begin ] --START--
INFO: Run Behavior\ReadHtmlCacheBehavior [ RunTime:0.000012s ]
INFO: [ app_begin ] --END-- [ RunTime:0.000024s ]
SQL: SHOW COLUMNS FROM `task` [ RunTime:0.0004s ]
ERR: 1064:You have an error in your SQL syntax; check the manual that corresponds to your MySQL server version for the right syntax to use near '' at line 1
 [ SQL语句 ] : SELECT file_name name from task where upfile_gid = 
ERR: 1064:You have an error in your SQL syntax; check the manual that corresponds to your MySQL server version for the right syntax to use near '' at line 1
 [ SQL语句 ] : SELECT file_name name from task where upfile_gid = 

[ 2017-12-14T21:20:07+08:00 ] 222.27.167.112 /index.php/PC/User/dis
INFO: [ app_init ] --START--
INFO: Run Behavior\BuildLiteBehavior [ RunTime:0.000006s ]
INFO: [ app_init ] --END-- [ RunTime:0.000045s ]
INFO: [ app_begin ] --START--
INFO: Run Behavior\ReadHtmlCacheBehavior [ RunTime:0.000017s ]
INFO: [ app_begin ] --END-- [ RunTime:0.000030s ]
INFO: [ view_parse ] --START--
INFO: [ template_filter ] --START--
INFO: Run Behavior\ContentReplaceBehavior [ RunTime:0.000014s ]
INFO: [ template_filter ] --END-- [ RunTime:0.000028s ]
INFO: Run Behavior\ParseTemplateBehavior [ RunTime:0.000571s ]
INFO: [ view_parse ] --END-- [ RunTime:0.000587s ]
INFO: [ view_filter ] --START--
INFO: Run Behavior\WriteHtmlCacheBehavior [ RunTime:0.000019s ]
INFO: [ view_filter ] --END-- [ RunTime:0.000027s ]
INFO: [ app_end ] --START--
INFO: Run Behavior\ShowPageTraceBehavior [ RunTime:0.000015s ]
INFO: [ app_end ] --END-- [ RunTime:0.000022s ]

[ 2017-12-14T21:20:07+08:00 ] 222.27.167.112 /index.php/PC/Confirm
INFO: [ app_init ] --START--
INFO: Run Behavior\BuildLiteBehavior [ RunTime:0.000006s ]
INFO: [ app_init ] --END-- [ RunTime:0.000038s ]
INFO: [ app_begin ] --START--
INFO: Run Behavior\ReadHtmlCacheBehavior [ RunTime:0.000013s ]
INFO: [ app_begin ] --END-- [ RunTime:0.000024s ]

[ 2017-12-14T21:20:07+08:00 ] 222.27.167.112 /index.php/PC/Confirm/refresh
INFO: [ app_init ] --START--
INFO: Run Behavior\BuildLiteBehavior [ RunTime:0.000005s ]
INFO: [ app_init ] --END-- [ RunTime:0.000030s ]
INFO: [ app_begin ] --START--
INFO: Run Behavior\ReadHtmlCacheBehavior [ RunTime:0.000012s ]
INFO: [ app_begin ] --END-- [ RunTime:0.000024s ]
SQL: SHOW COLUMNS FROM `task` [ RunTime:0.0004s ]
ERR: 1064:You have an error in your SQL syntax; check the manual that corresponds to your MySQL server version for the right syntax to use near '' at line 1
 [ SQL语句 ] : SELECT file_name name from task where upfile_gid = 
ERR: 1064:You have an error in your SQL syntax; check the manual that corresponds to your MySQL server version for the right syntax to use near '' at line 1
 [ SQL语句 ] : SELECT file_name name from task where upfile_gid = 

[ 2017-12-14T21:20:19+08:00 ] 222.27.167.112 /index.php/PC/User/dis
INFO: [ app_init ] --START--
INFO: Run Behavior\BuildLiteBehavior [ RunTime:0.000004s ]
INFO: [ app_init ] --END-- [ RunTime:0.000028s ]
INFO: [ app_begin ] --START--
INFO: Run Behavior\ReadHtmlCacheBehavior [ RunTime:0.000012s ]
INFO: [ app_begin ] --END-- [ RunTime:0.000024s ]
INFO: [ view_parse ] --START--
INFO: [ template_filter ] --START--
INFO: Run Behavior\ContentReplaceBehavior [ RunTime:0.000014s ]
INFO: [ template_filter ] --END-- [ RunTime:0.000039s ]
INFO: Run Behavior\ParseTemplateBehavior [ RunTime:0.000519s ]
INFO: [ view_parse ] --END-- [ RunTime:0.000534s ]
INFO: [ view_filter ] --START--
INFO: Run Behavior\WriteHtmlCacheBehavior [ RunTime:0.000019s ]
INFO: [ view_filter ] --END-- [ RunTime:0.000026s ]
INFO: [ app_end ] --START--
INFO: Run Behavior\ShowPageTraceBehavior [ RunTime:0.000010s ]
INFO: [ app_end ] --END-- [ RunTime:0.000017s ]

[ 2017-12-14T21:20:26+08:00 ] 222.27.167.112 /index.php/PC/User
INFO: [ app_init ] --START--
INFO: Run Behavior\BuildLiteBehavior [ RunTime:0.000006s ]
INFO: [ app_init ] --END-- [ RunTime:0.000041s ]
INFO: [ app_begin ] --START--
INFO: Run Behavior\ReadHtmlCacheBehavior [ RunTime:0.000015s ]
INFO: [ app_begin ] --END-- [ RunTime:0.000027s ]
NOTIC: [2] Declaration of Common\Model\TeacherModel::check($gid, $pwd) should be compatible with Think\Model::check($value, $rule, $type = 'regex') /var/www/html/Application/Common/Model/TeacherModel.class.php 第 6 行.
SQL: SHOW COLUMNS FROM `teacher` [ RunTime:0.0005s ]
SQL: SELECT gid,password FROM teacher WHERE gid= 130001 AND password= 13001 [ RunTime:0.0002s ]

[ 2017-12-14T21:20:31+08:00 ] 222.27.167.112 /index.php/PC/User
INFO: [ app_init ] --START--
INFO: Run Behavior\BuildLiteBehavior [ RunTime:0.000007s ]
INFO: [ app_init ] --END-- [ RunTime:0.000053s ]
INFO: [ app_begin ] --START--
INFO: Run Behavior\ReadHtmlCacheBehavior [ RunTime:0.000016s ]
INFO: [ app_begin ] --END-- [ RunTime:0.000028s ]
NOTIC: [2] Declaration of Common\Model\TeacherModel::check($gid, $pwd) should be compatible with Think\Model::check($value, $rule, $type = 'regex') /var/www/html/Application/Common/Model/TeacherModel.class.php 第 6 行.
SQL: SHOW COLUMNS FROM `teacher` [ RunTime:0.0006s ]
SQL: SELECT gid,password FROM teacher WHERE gid= 130001 AND password= 130001 [ RunTime:0.0002s ]

[ 2017-12-14T21:20:31+08:00 ] 222.27.167.112 /index.php/PC/Confirm
INFO: [ app_init ] --START--
INFO: Run Behavior\BuildLiteBehavior [ RunTime:0.000006s ]
INFO: [ app_init ] --END-- [ RunTime:0.000037s ]
INFO: [ app_begin ] --START--
INFO: Run Behavior\ReadHtmlCacheBehavior [ RunTime:0.000013s ]
INFO: [ app_begin ] --END-- [ RunTime:0.000024s ]
SQL: SHOW COLUMNS FROM `task_info` [ RunTime:0.0004s ]
SQL: 
				SELECT task.file_name,task_info.task_id,task_info.submit_time,task.task_time,task_info.writed,task_info.isupdata,task_info.is_sp 
				FROM task,task_info
				WHERE task_info.task_id=task.id and task_info.gid=130001
		 [ RunTime:0.0003s ]

[ 2017-12-14T21:20:31+08:00 ] 222.27.167.112 /index.php/PC/Confirm/refresh
INFO: [ app_init ] --START--
INFO: Run Behavior\BuildLiteBehavior [ RunTime:0.000004s ]
INFO: [ app_init ] --END-- [ RunTime:0.000026s ]
INFO: [ app_begin ] --START--
INFO: Run Behavior\ReadHtmlCacheBehavior [ RunTime:0.000012s ]
INFO: [ app_begin ] --END-- [ RunTime:0.000023s ]
SQL: SHOW COLUMNS FROM `task` [ RunTime:0.0003s ]
SQL: SELECT file_name name from task where upfile_gid = 130001 [ RunTime:0.0001s ]

[ 2017-12-14T21:20:36+08:00 ] 222.27.167.112 /index.php/PC/Confirm/upload
INFO: [ app_init ] --START--
INFO: Run Behavior\BuildLiteBehavior [ RunTime:0.000007s ]
INFO: [ app_init ] --END-- [ RunTime:0.000044s ]
INFO: [ app_begin ] --START--
INFO: Run Behavior\ReadHtmlCacheBehavior [ RunTime:0.000016s ]
INFO: [ app_begin ] --END-- [ RunTime:0.000028s ]
SQL: SHOW COLUMNS FROM `task` [ RunTime:0.0004s ]
SQL: INSERT INTO `task` (`file_name`,`task_time`,`upfile_gid`,`file_url`,`settasktime`) VALUES ('测试样表一.xlsx','1513257636','130001','/var/www/html/tasktable/130001测试样表一.xlsx','1513257636') [ RunTime:0.0036s ]

[ 2017-12-14T21:20:38+08:00 ] 222.27.167.112 /index.php/PC/Confirm/fileLoad
INFO: [ app_init ] --START--
INFO: Run Behavior\BuildLiteBehavior [ RunTime:0.000006s ]
INFO: [ app_init ] --END-- [ RunTime:0.000048s ]
INFO: [ app_begin ] --START--
INFO: Run Behavior\ReadHtmlCacheBehavior [ RunTime:0.000014s ]
INFO: [ app_begin ] --END-- [ RunTime:0.000027s ]

[ 2017-12-14T21:20:42+08:00 ] 222.27.167.112 /index.php/PC/Confirm
INFO: [ app_init ] --START--
INFO: Run Behavior\BuildLiteBehavior [ RunTime:0.000007s ]
INFO: [ app_init ] --END-- [ RunTime:0.000041s ]
INFO: [ app_begin ] --START--
INFO: Run Behavior\ReadHtmlCacheBehavior [ RunTime:0.000015s ]
INFO: [ app_begin ] --END-- [ RunTime:0.000026s ]
SQL: SHOW COLUMNS FROM `task_info` [ RunTime:0.0005s ]
SQL: 
				SELECT task.file_name,task_info.task_id,task_info.submit_time,task.task_time,task_info.writed,task_info.isupdata,task_info.is_sp 
				FROM task,task_info
				WHERE task_info.task_id=task.id and task_info.gid=130001
		 [ RunTime:0.0003s ]

[ 2017-12-14T21:20:42+08:00 ] 222.27.167.112 /index.php/PC/Confirm/refresh
INFO: [ app_init ] --START--
INFO: Run Behavior\BuildLiteBehavior [ RunTime:0.000004s ]
INFO: [ app_init ] --END-- [ RunTime:0.000027s ]
INFO: [ app_begin ] --START--
INFO: Run Behavior\ReadHtmlCacheBehavior [ RunTime:0.000012s ]
INFO: [ app_begin ] --END-- [ RunTime:0.000023s ]
SQL: SHOW COLUMNS FROM `task` [ RunTime:0.0003s ]
SQL: SELECT file_name name from task where upfile_gid = 130001 [ RunTime:0.0002s ]

